{"/home/edgar/workspace/sphero.js/spec/helper.js":{"path":"/home/edgar/workspace/sphero.js/spec/helper.js","s":{"1":1,"2":1,"3":1,"4":1,"5":1,"6":1,"7":1,"8":1,"9":1,"10":1,"11":1,"12":1,"13":1,"14":2},"b":{},"f":{"1":2},"fnMap":{"1":{"name":"(anonymous_1)","line":24,"loc":{"start":{"line":24,"column":13},"end":{"line":24,"column":30}}}},"statementMap":{"1":{"start":{"line":3,"column":0},"end":{"line":3,"column":30}},"2":{"start":{"line":5,"column":0},"end":{"line":5,"column":27}},"3":{"start":{"line":7,"column":0},"end":{"line":9,"column":38}},"4":{"start":{"line":11,"column":0},"end":{"line":11,"column":20}},"5":{"start":{"line":13,"column":0},"end":{"line":13,"column":19}},"6":{"start":{"line":14,"column":0},"end":{"line":14,"column":21}},"7":{"start":{"line":16,"column":0},"end":{"line":16,"column":30}},"8":{"start":{"line":17,"column":0},"end":{"line":17,"column":28}},"9":{"start":{"line":18,"column":0},"end":{"line":18,"column":28}},"10":{"start":{"line":19,"column":0},"end":{"line":19,"column":44}},"11":{"start":{"line":21,"column":0},"end":{"line":21,"column":23}},"12":{"start":{"line":22,"column":0},"end":{"line":22,"column":25}},"13":{"start":{"line":24,"column":0},"end":{"line":26,"column":2}},"14":{"start":{"line":25,"column":2},"end":{"line":25,"column":55}}},"branchMap":{}},"/home/edgar/workspace/sphero.js/spec/lib/utils.spec.js":{"path":"/home/edgar/workspace/sphero.js/spec/lib/utils.spec.js","s":{"1":1,"2":1,"3":1,"4":1,"5":1,"6":1,"7":1,"8":1,"9":1,"10":1,"11":1,"12":1,"13":1,"14":1,"15":1,"16":1,"17":1,"18":1,"19":1},"b":{},"f":{"1":1,"2":1,"3":1,"4":1,"5":1,"6":1,"7":1},"fnMap":{"1":{"name":"(anonymous_1)","line":5,"loc":{"start":{"line":5,"column":18},"end":{"line":5,"column":29}}},"2":{"name":"(anonymous_2)","line":6,"loc":{"start":{"line":6,"column":26},"end":{"line":6,"column":37}}},"3":{"name":"(anonymous_3)","line":7,"loc":{"start":{"line":7,"column":37},"end":{"line":7,"column":48}}},"4":{"name":"(anonymous_4)","line":18,"loc":{"start":{"line":18,"column":24},"end":{"line":18,"column":35}}},"5":{"name":"(anonymous_5)","line":19,"loc":{"start":{"line":19,"column":51},"end":{"line":19,"column":62}}},"6":{"name":"(anonymous_6)","line":25,"loc":{"start":{"line":25,"column":24},"end":{"line":25,"column":35}}},"7":{"name":"(anonymous_7)","line":26,"loc":{"start":{"line":26,"column":36},"end":{"line":26,"column":47}}}},"statementMap":{"1":{"start":{"line":3,"column":0},"end":{"line":3,"column":25}},"2":{"start":{"line":5,"column":0},"end":{"line":34,"column":3}},"3":{"start":{"line":6,"column":2},"end":{"line":16,"column":5}},"4":{"start":{"line":7,"column":4},"end":{"line":15,"column":7}},"5":{"start":{"line":8,"column":6},"end":{"line":8,"column":37}},"6":{"start":{"line":10,"column":6},"end":{"line":10,"column":41}},"7":{"start":{"line":11,"column":6},"end":{"line":11,"column":47}},"8":{"start":{"line":13,"column":6},"end":{"line":13,"column":36}},"9":{"start":{"line":14,"column":6},"end":{"line":14,"column":63}},"10":{"start":{"line":18,"column":2},"end":{"line":23,"column":5}},"11":{"start":{"line":19,"column":4},"end":{"line":22,"column":7}},"12":{"start":{"line":20,"column":6},"end":{"line":20,"column":59}},"13":{"start":{"line":21,"column":6},"end":{"line":21,"column":62}},"14":{"start":{"line":25,"column":2},"end":{"line":33,"column":5}},"15":{"start":{"line":26,"column":4},"end":{"line":32,"column":7}},"16":{"start":{"line":27,"column":6},"end":{"line":27,"column":44}},"17":{"start":{"line":28,"column":6},"end":{"line":28,"column":53}},"18":{"start":{"line":30,"column":6},"end":{"line":30,"column":44}},"19":{"start":{"line":31,"column":6},"end":{"line":31,"column":53}}},"branchMap":{}},"/home/edgar/workspace/sphero.js/lib/utils.js":{"path":"/home/edgar/workspace/sphero.js/lib/utils.js","s":{"1":1,"2":1,"3":6,"4":1,"5":4,"6":4,"7":1,"8":2,"9":2,"10":24,"11":2},"b":{},"f":{"1":6,"2":4,"3":2},"fnMap":{"1":{"name":"rgbToHex","line":13,"loc":{"start":{"line":13,"column":19},"end":{"line":13,"column":55}}},"2":{"name":"randomColor","line":22,"loc":{"start":{"line":22,"column":22},"end":{"line":22,"column":45}}},"3":{"name":"checksum","line":37,"loc":{"start":{"line":37,"column":19},"end":{"line":37,"column":45}}}},"statementMap":{"1":{"start":{"line":3,"column":0},"end":{"line":3,"column":29}},"2":{"start":{"line":13,"column":0},"end":{"line":15,"column":2}},"3":{"start":{"line":14,"column":2},"end":{"line":14,"column":43}},"4":{"start":{"line":22,"column":0},"end":{"line":28,"column":2}},"5":{"start":{"line":23,"column":2},"end":{"line":25,"column":30}},"6":{"start":{"line":27,"column":2},"end":{"line":27,"column":35}},"7":{"start":{"line":37,"column":0},"end":{"line":45,"column":2}},"8":{"start":{"line":38,"column":2},"end":{"line":38,"column":14}},"9":{"start":{"line":40,"column":2},"end":{"line":42,"column":3}},"10":{"start":{"line":41,"column":4},"end":{"line":41,"column":31}},"11":{"start":{"line":44,"column":2},"end":{"line":44,"column":27}}},"branchMap":{}},"/home/edgar/workspace/sphero.js/spec/lib/packet.spec.js":{"path":"/home/edgar/workspace/sphero.js/spec/lib/packet.spec.js","s":{"1":1,"2":1,"3":1,"4":1,"5":2,"6":2,"7":2,"8":2,"9":1,"10":1,"11":1,"12":1,"13":0,"14":0,"15":1,"16":1,"17":1,"18":1,"19":1,"20":1,"21":0,"22":0,"23":0,"24":0},"b":{},"f":{"1":1,"2":2,"3":1,"4":1,"5":1,"6":1,"7":1,"8":0},"fnMap":{"1":{"name":"(anonymous_1)","line":5,"loc":{"start":{"line":5,"column":19},"end":{"line":5,"column":30}}},"2":{"name":"(anonymous_2)","line":8,"loc":{"start":{"line":8,"column":13},"end":{"line":8,"column":24}}},"3":{"name":"(anonymous_3)","line":16,"loc":{"start":{"line":16,"column":27},"end":{"line":16,"column":38}}},"4":{"name":"(anonymous_4)","line":17,"loc":{"start":{"line":17,"column":51},"end":{"line":17,"column":62}}},"5":{"name":"(anonymous_5)","line":25,"loc":{"start":{"line":25,"column":21},"end":{"line":25,"column":32}}},"6":{"name":"(anonymous_6)","line":26,"loc":{"start":{"line":26,"column":15},"end":{"line":26,"column":26}}},"7":{"name":"(anonymous_7)","line":33,"loc":{"start":{"line":33,"column":64},"end":{"line":33,"column":75}}},"8":{"name":"read","line":36,"loc":{"start":{"line":36,"column":6},"end":{"line":36,"column":28}}}},"statementMap":{"1":{"start":{"line":3,"column":0},"end":{"line":3,"column":27}},"2":{"start":{"line":5,"column":0},"end":{"line":48,"column":3}},"3":{"start":{"line":6,"column":2},"end":{"line":6,"column":29}},"4":{"start":{"line":8,"column":2},"end":{"line":14,"column":5}},"5":{"start":{"line":9,"column":4},"end":{"line":9,"column":15}},"6":{"start":{"line":10,"column":4},"end":{"line":10,"column":15}},"7":{"start":{"line":11,"column":4},"end":{"line":11,"column":37}},"8":{"start":{"line":13,"column":4},"end":{"line":13,"column":40}},"9":{"start":{"line":16,"column":2},"end":{"line":23,"column":5}},"10":{"start":{"line":17,"column":4},"end":{"line":22,"column":7}},"11":{"start":{"line":18,"column":6},"end":{"line":18,"column":49}},"12":{"start":{"line":19,"column":6},"end":{"line":19,"column":40}},"13":{"start":{"line":20,"column":6},"end":{"line":20,"column":40}},"14":{"start":{"line":21,"column":6},"end":{"line":21,"column":63}},"15":{"start":{"line":25,"column":2},"end":{"line":47,"column":5}},"16":{"start":{"line":26,"column":4},"end":{"line":31,"column":7}},"17":{"start":{"line":27,"column":6},"end":{"line":30,"column":9}},"18":{"start":{"line":33,"column":4},"end":{"line":46,"column":7}},"19":{"start":{"line":34,"column":6},"end":{"line":34,"column":34}},"20":{"start":{"line":36,"column":6},"end":{"line":36,"column":64}},"21":{"start":{"line":36,"column":30},"end":{"line":36,"column":62}},"22":{"start":{"line":39,"column":6},"end":{"line":39,"column":38}},"23":{"start":{"line":42,"column":6},"end":{"line":42,"column":38}},"24":{"start":{"line":45,"column":6},"end":{"line":45,"column":38}}},"branchMap":{}},"/home/edgar/workspace/sphero.js/lib/packet.js":{"path":"/home/edgar/workspace/sphero.js/lib/packet.js","s":{"1":1,"2":1,"3":1,"4":3,"5":3,"6":3,"7":1,"8":1,"9":0,"10":0,"11":0,"12":0,"13":0,"14":0,"15":1,"16":0,"17":0,"18":0,"19":0,"20":0,"21":0,"22":0,"23":0,"24":0,"25":0,"26":1,"27":0,"28":0,"29":0,"30":0,"31":0,"32":0,"33":0,"34":0,"35":0,"36":0,"37":0,"38":0,"39":0,"40":0,"41":0,"42":0,"43":0,"44":0,"45":0,"46":0,"47":0,"48":1,"49":0,"50":0,"51":0,"52":0,"53":1,"54":0,"55":0,"56":0,"57":0,"58":0,"59":1,"60":0,"61":0,"62":0,"63":0,"64":0,"65":1,"66":0,"67":0,"68":0,"69":0,"70":0,"71":0,"72":0,"73":1,"74":0,"75":0,"76":0,"77":0,"78":0,"79":1,"80":0,"81":0,"82":0,"83":0,"84":0,"85":1,"86":0,"87":0,"88":0,"89":0,"90":0,"91":0,"92":1,"93":0,"94":0,"95":0,"96":0,"97":0},"b":{"1":[3,0],"2":[0,0],"3":[0,0],"4":[0,0],"5":[0,0],"6":[0,0],"7":[0,0],"8":[0,0],"9":[0,0],"10":[0,0],"11":[0,0],"12":[0,0],"13":[0,0],"14":[0,0],"15":[0,0],"16":[0,0],"17":[0,0],"18":[0,0],"19":[0,0],"20":[0,0],"21":[0,0],"22":[0,0],"23":[0,0]},"f":{"1":3,"2":0,"3":0,"4":0,"5":0,"6":0,"7":0,"8":0,"9":0,"10":0,"11":0,"12":0,"13":0},"fnMap":{"1":{"name":"(anonymous_1)","line":36,"loc":{"start":{"line":36,"column":30},"end":{"line":36,"column":45}}},"2":{"name":"(anonymous_2)","line":45,"loc":{"start":{"line":45,"column":26},"end":{"line":45,"column":41}}},"3":{"name":"(anonymous_3)","line":72,"loc":{"start":{"line":72,"column":25},"end":{"line":72,"column":42}}},"4":{"name":"(anonymous_4)","line":100,"loc":{"start":{"line":100,"column":26},"end":{"line":100,"column":57}}},"5":{"name":"(anonymous_5)","line":140,"loc":{"start":{"line":140,"column":28},"end":{"line":140,"column":45}}},"6":{"name":"(anonymous_6)","line":143,"loc":{"start":{"line":143,"column":20},"end":{"line":143,"column":32}}},"7":{"name":"(anonymous_7)","line":150,"loc":{"start":{"line":150,"column":30},"end":{"line":150,"column":47}}},"8":{"name":"(anonymous_8)","line":160,"loc":{"start":{"line":160,"column":30},"end":{"line":160,"column":47}}},"9":{"name":"(anonymous_9)","line":172,"loc":{"start":{"line":172,"column":30},"end":{"line":172,"column":47}}},"10":{"name":"(anonymous_10)","line":187,"loc":{"start":{"line":187,"column":36},"end":{"line":187,"column":53}}},"11":{"name":"(anonymous_11)","line":202,"loc":{"start":{"line":202,"column":33},"end":{"line":202,"column":50}}},"12":{"name":"(anonymous_12)","line":214,"loc":{"start":{"line":214,"column":40},"end":{"line":214,"column":65}}},"13":{"name":"(anonymous_13)","line":230,"loc":{"start":{"line":230,"column":32},"end":{"line":230,"column":49}}}},"statementMap":{"1":{"start":{"line":3,"column":0},"end":{"line":5,"column":50}},"2":{"start":{"line":7,"column":0},"end":{"line":34,"column":6}},"3":{"start":{"line":36,"column":0},"end":{"line":41,"column":2}},"4":{"start":{"line":37,"column":2},"end":{"line":37,"column":20}},"5":{"start":{"line":39,"column":2},"end":{"line":39,"column":37}},"6":{"start":{"line":40,"column":2},"end":{"line":40,"column":26}},"7":{"start":{"line":43,"column":0},"end":{"line":43,"column":36}},"8":{"start":{"line":45,"column":0},"end":{"line":70,"column":2}},"9":{"start":{"line":46,"column":2},"end":{"line":46,"column":20}},"10":{"start":{"line":48,"column":2},"end":{"line":56,"column":22}},"11":{"start":{"line":59,"column":2},"end":{"line":61,"column":17}},"12":{"start":{"line":64,"column":2},"end":{"line":64,"column":44}},"13":{"start":{"line":67,"column":2},"end":{"line":67,"column":24}},"14":{"start":{"line":69,"column":2},"end":{"line":69,"column":16}},"15":{"start":{"line":72,"column":0},"end":{"line":98,"column":2}},"16":{"start":{"line":73,"column":2},"end":{"line":80,"column":3}},"17":{"start":{"line":74,"column":4},"end":{"line":77,"column":6}},"18":{"start":{"line":79,"column":4},"end":{"line":79,"column":44}},"19":{"start":{"line":82,"column":2},"end":{"line":95,"column":3}},"20":{"start":{"line":84,"column":4},"end":{"line":92,"column":5}},"21":{"start":{"line":87,"column":6},"end":{"line":87,"column":55}},"22":{"start":{"line":88,"column":6},"end":{"line":91,"column":7}},"23":{"start":{"line":90,"column":8},"end":{"line":90,"column":49}},"24":{"start":{"line":94,"column":4},"end":{"line":94,"column":44}},"25":{"start":{"line":97,"column":2},"end":{"line":97,"column":14}},"26":{"start":{"line":100,"column":0},"end":{"line":138,"column":2}},"27":{"start":{"line":101,"column":2},"end":{"line":101,"column":18}},"28":{"start":{"line":102,"column":2},"end":{"line":102,"column":40}},"29":{"start":{"line":103,"column":2},"end":{"line":103,"column":40}},"30":{"start":{"line":105,"column":2},"end":{"line":113,"column":3}},"31":{"start":{"line":106,"column":4},"end":{"line":106,"column":42}},"32":{"start":{"line":107,"column":4},"end":{"line":107,"column":40}},"33":{"start":{"line":108,"column":4},"end":{"line":108,"column":42}},"34":{"start":{"line":110,"column":4},"end":{"line":110,"column":46}},"35":{"start":{"line":111,"column":4},"end":{"line":111,"column":48}},"36":{"start":{"line":112,"column":4},"end":{"line":112,"column":48}},"37":{"start":{"line":115,"column":2},"end":{"line":115,"column":42}},"38":{"start":{"line":118,"column":2},"end":{"line":118,"column":44}},"39":{"start":{"line":120,"column":2},"end":{"line":120,"column":74}},"40":{"start":{"line":121,"column":2},"end":{"line":121,"column":58}},"41":{"start":{"line":123,"column":2},"end":{"line":125,"column":3}},"42":{"start":{"line":124,"column":4},"end":{"line":124,"column":52}},"43":{"start":{"line":130,"column":2},"end":{"line":135,"column":3}},"44":{"start":{"line":131,"column":4},"end":{"line":131,"column":66}},"45":{"start":{"line":132,"column":4},"end":{"line":132,"column":53}},"46":{"start":{"line":134,"column":4},"end":{"line":134,"column":39}},"47":{"start":{"line":137,"column":2},"end":{"line":137,"column":16}},"48":{"start":{"line":140,"column":0},"end":{"line":148,"column":2}},"49":{"start":{"line":141,"column":2},"end":{"line":141,"column":22}},"50":{"start":{"line":143,"column":2},"end":{"line":145,"column":5}},"51":{"start":{"line":144,"column":4},"end":{"line":144,"column":18}},"52":{"start":{"line":147,"column":2},"end":{"line":147,"column":35}},"53":{"start":{"line":150,"column":0},"end":{"line":158,"column":2}},"54":{"start":{"line":151,"column":2},"end":{"line":151,"column":19}},"55":{"start":{"line":152,"column":2},"end":{"line":156,"column":3}},"56":{"start":{"line":153,"column":4},"end":{"line":153,"column":36}},"57":{"start":{"line":155,"column":4},"end":{"line":155,"column":18}},"58":{"start":{"line":157,"column":2},"end":{"line":157,"column":15}},"59":{"start":{"line":160,"column":0},"end":{"line":170,"column":2}},"60":{"start":{"line":161,"column":2},"end":{"line":161,"column":19}},"61":{"start":{"line":163,"column":2},"end":{"line":167,"column":3}},"62":{"start":{"line":164,"column":4},"end":{"line":164,"column":17}},"63":{"start":{"line":166,"column":4},"end":{"line":166,"column":18}},"64":{"start":{"line":169,"column":2},"end":{"line":169,"column":15}},"65":{"start":{"line":172,"column":0},"end":{"line":185,"column":2}},"66":{"start":{"line":173,"column":2},"end":{"line":174,"column":19}},"67":{"start":{"line":176,"column":2},"end":{"line":182,"column":3}},"68":{"start":{"line":177,"column":4},"end":{"line":177,"column":19}},"69":{"start":{"line":178,"column":9},"end":{"line":182,"column":3}},"70":{"start":{"line":179,"column":4},"end":{"line":179,"column":20}},"71":{"start":{"line":181,"column":4},"end":{"line":181,"column":18}},"72":{"start":{"line":184,"column":2},"end":{"line":184,"column":15}},"73":{"start":{"line":187,"column":0},"end":{"line":200,"column":2}},"74":{"start":{"line":189,"column":2},"end":{"line":191,"column":19}},"75":{"start":{"line":193,"column":2},"end":{"line":197,"column":3}},"76":{"start":{"line":194,"column":4},"end":{"line":194,"column":15}},"77":{"start":{"line":196,"column":4},"end":{"line":196,"column":25}},"78":{"start":{"line":199,"column":2},"end":{"line":199,"column":15}},"79":{"start":{"line":202,"column":0},"end":{"line":212,"column":2}},"80":{"start":{"line":203,"column":2},"end":{"line":203,"column":19}},"81":{"start":{"line":205,"column":2},"end":{"line":209,"column":3}},"82":{"start":{"line":206,"column":4},"end":{"line":206,"column":17}},"83":{"start":{"line":208,"column":4},"end":{"line":208,"column":18}},"84":{"start":{"line":211,"column":2},"end":{"line":211,"column":15}},"85":{"start":{"line":214,"column":0},"end":{"line":228,"column":2}},"86":{"start":{"line":215,"column":2},"end":{"line":216,"column":76}},"87":{"start":{"line":218,"column":2},"end":{"line":218,"column":19}},"88":{"start":{"line":221,"column":2},"end":{"line":225,"column":3}},"89":{"start":{"line":222,"column":4},"end":{"line":222,"column":17}},"90":{"start":{"line":224,"column":4},"end":{"line":224,"column":18}},"91":{"start":{"line":227,"column":2},"end":{"line":227,"column":15}},"92":{"start":{"line":230,"column":0},"end":{"line":242,"column":2}},"93":{"start":{"line":231,"column":2},"end":{"line":231,"column":17}},"94":{"start":{"line":233,"column":2},"end":{"line":239,"column":3}},"95":{"start":{"line":234,"column":4},"end":{"line":234,"column":35}},"96":{"start":{"line":238,"column":4},"end":{"line":238,"column":74}},"97":{"start":{"line":241,"column":2},"end":{"line":241,"column":14}}},"branchMap":{"1":{"line":37,"type":"binary-expr","locations":[{"start":{"line":37,"column":9},"end":{"line":37,"column":13}},{"start":{"line":37,"column":17},"end":{"line":37,"column":19}}]},"2":{"line":46,"type":"binary-expr","locations":[{"start":{"line":46,"column":9},"end":{"line":46,"column":13}},{"start":{"line":46,"column":17},"end":{"line":46,"column":19}}]},"3":{"line":48,"type":"cond-expr","locations":[{"start":{"line":48,"column":35},"end":{"line":48,"column":50}},{"start":{"line":48,"column":53},"end":{"line":48,"column":62}}]},"4":{"line":49,"type":"cond-expr","locations":[{"start":{"line":49,"column":35},"end":{"line":49,"column":51}},{"start":{"line":49,"column":54},"end":{"line":49,"column":63}}]},"5":{"line":50,"type":"cond-expr","locations":[{"start":{"line":50,"column":33},"end":{"line":50,"column":47}},{"start":{"line":50,"column":50},"end":{"line":50,"column":58}}]},"6":{"line":51,"type":"cond-expr","locations":[{"start":{"line":51,"column":33},"end":{"line":51,"column":47}},{"start":{"line":51,"column":50},"end":{"line":51,"column":58}}]},"7":{"line":52,"type":"cond-expr","locations":[{"start":{"line":52,"column":33},"end":{"line":52,"column":47}},{"start":{"line":52,"column":50},"end":{"line":52,"column":58}}]},"8":{"line":53,"type":"cond-expr","locations":[{"start":{"line":53,"column":35},"end":{"line":53,"column":37}},{"start":{"line":53,"column":40},"end":{"line":53,"column":49}}]},"9":{"line":73,"type":"if","locations":[{"start":{"line":73,"column":2},"end":{"line":73,"column":2}},{"start":{"line":73,"column":2},"end":{"line":73,"column":2}}]},"10":{"line":82,"type":"if","locations":[{"start":{"line":82,"column":2},"end":{"line":82,"column":2}},{"start":{"line":82,"column":2},"end":{"line":82,"column":2}}]},"11":{"line":84,"type":"if","locations":[{"start":{"line":84,"column":4},"end":{"line":84,"column":4}},{"start":{"line":84,"column":4},"end":{"line":84,"column":4}}]},"12":{"line":88,"type":"if","locations":[{"start":{"line":88,"column":6},"end":{"line":88,"column":6}},{"start":{"line":88,"column":6},"end":{"line":88,"column":6}}]},"13":{"line":105,"type":"if","locations":[{"start":{"line":105,"column":2},"end":{"line":105,"column":2}},{"start":{"line":105,"column":2},"end":{"line":105,"column":2}}]},"14":{"line":123,"type":"if","locations":[{"start":{"line":123,"column":2},"end":{"line":123,"column":2}},{"start":{"line":123,"column":2},"end":{"line":123,"column":2}}]},"15":{"line":130,"type":"if","locations":[{"start":{"line":130,"column":2},"end":{"line":130,"column":2}},{"start":{"line":130,"column":2},"end":{"line":130,"column":2}}]},"16":{"line":152,"type":"if","locations":[{"start":{"line":152,"column":2},"end":{"line":152,"column":2}},{"start":{"line":152,"column":2},"end":{"line":152,"column":2}}]},"17":{"line":163,"type":"if","locations":[{"start":{"line":163,"column":2},"end":{"line":163,"column":2}},{"start":{"line":163,"column":2},"end":{"line":163,"column":2}}]},"18":{"line":176,"type":"if","locations":[{"start":{"line":176,"column":2},"end":{"line":176,"column":2}},{"start":{"line":176,"column":2},"end":{"line":176,"column":2}}]},"19":{"line":178,"type":"if","locations":[{"start":{"line":178,"column":9},"end":{"line":178,"column":9}},{"start":{"line":178,"column":9},"end":{"line":178,"column":9}}]},"20":{"line":193,"type":"if","locations":[{"start":{"line":193,"column":2},"end":{"line":193,"column":2}},{"start":{"line":193,"column":2},"end":{"line":193,"column":2}}]},"21":{"line":205,"type":"if","locations":[{"start":{"line":205,"column":2},"end":{"line":205,"column":2}},{"start":{"line":205,"column":2},"end":{"line":205,"column":2}}]},"22":{"line":221,"type":"if","locations":[{"start":{"line":221,"column":2},"end":{"line":221,"column":2}},{"start":{"line":221,"column":2},"end":{"line":221,"column":2}}]},"23":{"line":233,"type":"if","locations":[{"start":{"line":233,"column":2},"end":{"line":233,"column":2}},{"start":{"line":233,"column":2},"end":{"line":233,"column":2}}]}}}}