TN:
SF:/home/edgar/workspace/sphero.js/spec/helper.js
FN:24,(anonymous_1)
FNF:1
FNH:1
FNDA:2,(anonymous_1)
DA:3,1
DA:5,1
DA:7,1
DA:11,1
DA:13,1
DA:14,1
DA:16,1
DA:17,1
DA:18,1
DA:19,1
DA:21,1
DA:22,1
DA:24,1
DA:25,2
LF:14
LH:14
BRF:0
BRH:0
end_of_record
TN:
SF:/home/edgar/workspace/sphero.js/spec/lib/utils.spec.js
FN:5,(anonymous_1)
FN:6,(anonymous_2)
FN:7,(anonymous_3)
FN:18,(anonymous_4)
FN:19,(anonymous_5)
FN:25,(anonymous_6)
FN:26,(anonymous_7)
FNF:7
FNH:7
FNDA:1,(anonymous_1)
FNDA:1,(anonymous_2)
FNDA:1,(anonymous_3)
FNDA:1,(anonymous_4)
FNDA:1,(anonymous_5)
FNDA:1,(anonymous_6)
FNDA:1,(anonymous_7)
DA:3,1
DA:5,1
DA:6,1
DA:7,1
DA:8,1
DA:10,1
DA:11,1
DA:13,1
DA:14,1
DA:18,1
DA:19,1
DA:20,1
DA:21,1
DA:25,1
DA:26,1
DA:27,1
DA:28,1
DA:30,1
DA:31,1
LF:19
LH:19
BRF:0
BRH:0
end_of_record
TN:
SF:/home/edgar/workspace/sphero.js/lib/utils.js
FN:13,rgbToHex
FN:22,randomColor
FN:37,checksum
FNF:3
FNH:3
FNDA:6,rgbToHex
FNDA:4,randomColor
FNDA:2,checksum
DA:3,1
DA:13,1
DA:14,6
DA:22,1
DA:23,4
DA:27,4
DA:37,1
DA:38,2
DA:40,2
DA:41,24
DA:44,2
LF:11
LH:11
BRF:0
BRH:0
end_of_record
TN:
SF:/home/edgar/workspace/sphero.js/spec/lib/packet.spec.js
FN:5,(anonymous_1)
FN:8,(anonymous_2)
FN:16,(anonymous_3)
FN:17,(anonymous_4)
FN:25,(anonymous_5)
FN:26,(anonymous_6)
FN:33,(anonymous_7)
FN:36,read
FNF:8
FNH:7
FNDA:1,(anonymous_1)
FNDA:2,(anonymous_2)
FNDA:1,(anonymous_3)
FNDA:1,(anonymous_4)
FNDA:1,(anonymous_5)
FNDA:1,(anonymous_6)
FNDA:1,(anonymous_7)
FNDA:0,read
DA:3,1
DA:5,1
DA:6,1
DA:8,1
DA:9,2
DA:10,2
DA:11,2
DA:13,2
DA:16,1
DA:17,1
DA:18,1
DA:19,1
DA:20,0
DA:21,0
DA:25,1
DA:26,1
DA:27,1
DA:33,1
DA:34,1
DA:36,1
DA:39,0
DA:42,0
DA:45,0
LF:23
LH:18
BRF:0
BRH:0
end_of_record
TN:
SF:/home/edgar/workspace/sphero.js/lib/packet.js
FN:36,(anonymous_1)
FN:45,(anonymous_2)
FN:72,(anonymous_3)
FN:100,(anonymous_4)
FN:140,(anonymous_5)
FN:143,(anonymous_6)
FN:150,(anonymous_7)
FN:160,(anonymous_8)
FN:172,(anonymous_9)
FN:187,(anonymous_10)
FN:202,(anonymous_11)
FN:214,(anonymous_12)
FN:230,(anonymous_13)
FNF:13
FNH:1
FNDA:3,(anonymous_1)
FNDA:0,(anonymous_2)
FNDA:0,(anonymous_3)
FNDA:0,(anonymous_4)
FNDA:0,(anonymous_5)
FNDA:0,(anonymous_6)
FNDA:0,(anonymous_7)
FNDA:0,(anonymous_8)
FNDA:0,(anonymous_9)
FNDA:0,(anonymous_10)
FNDA:0,(anonymous_11)
FNDA:0,(anonymous_12)
FNDA:0,(anonymous_13)
DA:3,1
DA:7,1
DA:36,1
DA:37,3
DA:39,3
DA:40,3
DA:43,1
DA:45,1
DA:46,0
DA:48,0
DA:59,0
DA:64,0
DA:67,0
DA:69,0
DA:72,1
DA:73,0
DA:74,0
DA:79,0
DA:82,0
DA:84,0
DA:87,0
DA:88,0
DA:90,0
DA:94,0
DA:97,0
DA:100,1
DA:101,0
DA:102,0
DA:103,0
DA:105,0
DA:106,0
DA:107,0
DA:108,0
DA:110,0
DA:111,0
DA:112,0
DA:115,0
DA:118,0
DA:120,0
DA:121,0
DA:123,0
DA:124,0
DA:130,0
DA:131,0
DA:132,0
DA:134,0
DA:137,0
DA:140,1
DA:141,0
DA:143,0
DA:144,0
DA:147,0
DA:150,1
DA:151,0
DA:152,0
DA:153,0
DA:155,0
DA:157,0
DA:160,1
DA:161,0
DA:163,0
DA:164,0
DA:166,0
DA:169,0
DA:172,1
DA:173,0
DA:176,0
DA:177,0
DA:178,0
DA:179,0
DA:181,0
DA:184,0
DA:187,1
DA:189,0
DA:193,0
DA:194,0
DA:196,0
DA:199,0
DA:202,1
DA:203,0
DA:205,0
DA:206,0
DA:208,0
DA:211,0
DA:214,1
DA:215,0
DA:218,0
DA:221,0
DA:222,0
DA:224,0
DA:227,0
DA:230,1
DA:231,0
DA:233,0
DA:234,0
DA:238,0
DA:241,0
LF:97
LH:18
BRDA:37,1,0,3
BRDA:37,1,1,0
BRDA:46,2,0,0
BRDA:46,2,1,0
BRDA:48,3,0,0
BRDA:48,3,1,0
BRDA:49,4,0,0
BRDA:49,4,1,0
BRDA:50,5,0,0
BRDA:50,5,1,0
BRDA:51,6,0,0
BRDA:51,6,1,0
BRDA:52,7,0,0
BRDA:52,7,1,0
BRDA:53,8,0,0
BRDA:53,8,1,0
BRDA:73,9,0,0
BRDA:73,9,1,0
BRDA:82,10,0,0
BRDA:82,10,1,0
BRDA:84,11,0,0
BRDA:84,11,1,0
BRDA:88,12,0,0
BRDA:88,12,1,0
BRDA:105,13,0,0
BRDA:105,13,1,0
BRDA:123,14,0,0
BRDA:123,14,1,0
BRDA:130,15,0,0
BRDA:130,15,1,0
BRDA:152,16,0,0
BRDA:152,16,1,0
BRDA:163,17,0,0
BRDA:163,17,1,0
BRDA:176,18,0,0
BRDA:176,18,1,0
BRDA:178,19,0,0
BRDA:178,19,1,0
BRDA:193,20,0,0
BRDA:193,20,1,0
BRDA:205,21,0,0
BRDA:205,21,1,0
BRDA:221,22,0,0
BRDA:221,22,1,0
BRDA:233,23,0,0
BRDA:233,23,1,0
BRF:46
BRH:1
end_of_record
